This is pdfTeX, Version 3.14159265-2.6-1.40.16 (MiKTeX 2.9 64-bit) (preloaded format=latex 2016.6.22)  6 JUL 2016 12:03
entering extended mode
**./struct_c_l_i___c_m_d.tex
(struct_c_l_i___c_m_d.tex
LaTeX2e <2015/10/01> patch level 2
Babel <3.9n> and hyphenation patterns for 69 languages loaded.
! Undefined control sequence.
l.1 \hypertarget
                {struct_c_l_i___c_m_d}{}\section{C\+L\+I\+\_\+\+C\+MD Struct...
The control sequence at the end of the top line
of your error message was never \def'ed. If you have
misspelled it (e.g., `\hobx'), type `I' and the correct
spelling (e.g., `I\hbox'). Otherwise just continue,
and I'll forget about whatever was undefined.


! LaTeX Error: Missing \begin{document}.

See the LaTeX manual or LaTeX Companion for explanation.
Type  H <return>  for immediate help.
 ...                                              
                                                  
l.1 \hypertarget{s
                  truct_c_l_i___c_m_d}{}\section{C\+L\+I\+\_\+\+C\+MD Struct...

You're in trouble here.  Try typing  <return>  to proceed.
If that doesn't work, type  X <return>  to quit.

Missing character: There is no s in font nullfont!
Missing character: There is no t in font nullfont!
Missing character: There is no r in font nullfont!
Missing character: There is no u in font nullfont!
Missing character: There is no c in font nullfont!
Missing character: There is no t in font nullfont!
! Missing $ inserted.
<inserted text> 
                $
l.1 \hypertarget{struct_
                        c_l_i___c_m_d}{}\section{C\+L\+I\+\_\+\+C\+MD Struct...
I've inserted a begin-math/end-math symbol since I think
you left one out. Proceed, with fingers crossed.

LaTeX Font Info:    External font `cmex10' loaded for size
(Font)              <7> on input line 1.
LaTeX Font Info:    External font `cmex10' loaded for size
(Font)              <5> on input line 1.
! Double subscript.
l.1 \hypertarget{struct_c_
                          l_i___c_m_d}{}\section{C\+L\+I\+\_\+\+C\+MD Struct...
I treat `x_1_2' essentially like `x_1{}_2'.

! Double subscript.
l.1 \hypertarget{struct_c_l_
                            i___c_m_d}{}\section{C\+L\+I\+\_\+\+C\+MD Struct...
I treat `x_1_2' essentially like `x_1{}_2'.

! Double subscript.
l.1 \hypertarget{struct_c_l_i_
                              __c_m_d}{}\section{C\+L\+I\+\_\+\+C\+MD Struct...
I treat `x_1_2' essentially like `x_1{}_2'.

! Missing { inserted.
<to be read again> 
                   _
l.1 \hypertarget{struct_c_l_i__
                               _c_m_d}{}\section{C\+L\+I\+\_\+\+C\+MD Struct...
A left brace was mandatory here, so I've put one in.
You might want to delete and/or insert some corrections
so that I will find a matching right brace soon.
(If you're confused by all this, try typing `I}' now.)

! Missing { inserted.
<to be read again> 
                   _
l.1 \hypertarget{struct_c_l_i___
                                c_m_d}{}\section{C\+L\+I\+\_\+\+C\+MD Struct...
A left brace was mandatory here, so I've put one in.
You might want to delete and/or insert some corrections
so that I will find a matching right brace soon.
(If you're confused by all this, try typing `I}' now.)

! Double subscript.
l.1 \hypertarget{struct_c_l_i___c_
                                  m_d}{}\section{C\+L\+I\+\_\+\+C\+MD Struct...
I treat `x_1_2' essentially like `x_1{}_2'.

! Double subscript.
l.1 \hypertarget{struct_c_l_i___c_m_
                                    d}{}\section{C\+L\+I\+\_\+\+C\+MD Struct...
I treat `x_1_2' essentially like `x_1{}_2'.

! Undefined control sequence.
l.1 \hypertarget{struct_c_l_i___c_m_d}{}\section
                                                {C\+L\+I\+\_\+\+C\+MD Struct...
The control sequence at the end of the top line
of your error message was never \def'ed. If you have
misspelled it (e.g., `\hobx'), type `I' and the correct
spelling (e.g., `I\hbox'). Otherwise just continue,
and I'll forget about whatever was undefined.

! Undefined control sequence.
l.1 ...rtarget{struct_c_l_i___c_m_d}{}\section{C\+
                                                  L\+I\+\_\+\+C\+MD Struct R...
The control sequence at the end of the top line
of your error message was never \def'ed. If you have
misspelled it (e.g., `\hobx'), type `I' and the correct
spelling (e.g., `I\hbox'). Otherwise just continue,
and I'll forget about whatever was undefined.

! Undefined control sequence.
l.1 ...rget{struct_c_l_i___c_m_d}{}\section{C\+L\+
                                                  I\+\_\+\+C\+MD Struct Refe...
The control sequence at the end of the top line
of your error message was never \def'ed. If you have
misspelled it (e.g., `\hobx'), type `I' and the correct
spelling (e.g., `I\hbox'). Otherwise just continue,
and I'll forget about whatever was undefined.

! Undefined control sequence.
l.1 ...t{struct_c_l_i___c_m_d}{}\section{C\+L\+I\+
                                                  \_\+\+C\+MD Struct Reference}
The control sequence at the end of the top line
of your error message was never \def'ed. If you have
misspelled it (e.g., `\hobx'), type `I' and the correct
spelling (e.g., `I\hbox'). Otherwise just continue,
and I'll forget about whatever was undefined.

! Undefined control sequence.
l.1 ...ruct_c_l_i___c_m_d}{}\section{C\+L\+I\+\_\+
                                                  \+C\+MD Struct Reference}
The control sequence at the end of the top line
of your error message was never \def'ed. If you have
misspelled it (e.g., `\hobx'), type `I' and the correct
spelling (e.g., `I\hbox'). Otherwise just continue,
and I'll forget about whatever was undefined.

! Undefined control sequence.
l.1 ...ct_c_l_i___c_m_d}{}\section{C\+L\+I\+\_\+\+
                                                  C\+MD Struct Reference}
The control sequence at the end of the top line
of your error message was never \def'ed. If you have
misspelled it (e.g., `\hobx'), type `I' and the correct
spelling (e.g., `I\hbox'). Otherwise just continue,
and I'll forget about whatever was undefined.

! Undefined control sequence.
l.1 ...c_l_i___c_m_d}{}\section{C\+L\+I\+\_\+\+C\+
                                                  MD Struct Reference}
The control sequence at the end of the top line
of your error message was never \def'ed. If you have
misspelled it (e.g., `\hobx'), type `I' and the correct
spelling (e.g., `I\hbox'). Otherwise just continue,
and I'll forget about whatever was undefined.

! Undefined control sequence.
l.3 \subsection
               *{Public Attributes}
The control sequence at the end of the top line
of your error message was never \def'ed. If you have
misspelled it (e.g., `\hobx'), type `I' and the correct
spelling (e.g., `I\hbox'). Otherwise just continue,
and I'll forget about whatever was undefined.


! LaTeX Error: Environment DoxyCompactItemize undefined.

See the LaTeX manual or LaTeX Companion for explanation.
Type  H <return>  for immediate help.
 ...                                              
                                                  
l.4 \begin{DoxyCompactItemize}
                              
Your command was ignored.
Type  I <command> <return>  to replace it with another command,
or  <return>  to continue without it.


! LaTeX Error: Command \item invalid in math mode.

See the LaTeX manual or LaTeX Companion for explanation.
Type  H <return>  for immediate help.
 ...                                              
                                                  
l.5 \item
         
Try typing  <return>  to proceed.
If that doesn't work, type  X <return>  to quit.


! LaTeX Error: Something's wrong--perhaps a missing \item.

See the LaTeX manual or LaTeX Companion for explanation.
Type  H <return>  for immediate help.
 ...                                              
                                                  
l.6 c
     har $\ast$ {\bfseries name}\hypertarget{struct_c_l_i___c_m_d_a5f39e4135...

Try typing  <return>  to proceed.
If that doesn't work, type  X <return>  to quit.


! LaTeX Error: Something's wrong--perhaps a missing \item.

See the LaTeX manual or LaTeX Companion for explanation.
Type  H <return>  for immediate help.
 ...                                              
                                                  
l.6 c
     har $\ast$ {\bfseries name}\hypertarget{struct_c_l_i___c_m_d_a5f39e4135...

Try typing  <return>  to proceed.
If that doesn't work, type  X <return>  to quit.


! LaTeX Error: Lonely \item--perhaps a missing list environment.

See the LaTeX manual or LaTeX Companion for explanation.
Type  H <return>  for immediate help.
 ...                                              
                                                  
l.6 c
     har $\ast$ {\bfseries name}\hypertarget{struct_c_l_i___c_m_d_a5f39e4135...

Try typing  <return>  to proceed.
If that doesn't work, type  X <return>  to quit.

! Missing \endgroup inserted.
<inserted text> 
                \endgroup 
l.6 char $
          \ast$ {\bfseries name}\hypertarget{struct_c_l_i___c_m_d_a5f39e4135...
I've inserted something that you may have forgotten.
(See the <inserted text> above.)
With luck, this will get me unwedged. But if you
really didn't forget anything, try typing `2' now; then
my insertion and my current dilemma will both disappear.

! Missing } inserted.
<inserted text> 
                }
l.6 char $
          \ast$ {\bfseries name}\hypertarget{struct_c_l_i___c_m_d_a5f39e4135...
I've inserted something that you may have forgotten.
(See the <inserted text> above.)
With luck, this will get me unwedged. But if you
really didn't forget anything, try typing `2' now; then
my insertion and my current dilemma will both disappear.

! Missing $ inserted.
<inserted text> 
                $
l.6 char $\ast
              $ {\bfseries name}\hypertarget{struct_c_l_i___c_m_d_a5f39e4135...
I've inserted a begin-math/end-math symbol since I think
you left one out. Proceed, with fingers crossed.

! Undefined control sequence.
l.6 char $\ast$ {\bfseries name}\hypertarget
                                            {struct_c_l_i___c_m_d_a5f39e4135...
The control sequence at the end of the top line
of your error message was never \def'ed. If you have
misspelled it (e.g., `\hobx'), type `I' and the correct
spelling (e.g., `I\hbox'). Otherwise just continue,
and I'll forget about whatever was undefined.

Missing character: There is no s in font nullfont!
Missing character: There is no t in font nullfont!
Missing character: There is no r in font nullfont!
Missing character: There is no u in font nullfont!
Missing character: There is no c in font nullfont!
Missing character: There is no t in font nullfont!
! Missing $ inserted.
<inserted text> 
                $
l.6 ...$\ast$ {\bfseries name}\hypertarget{struct_
                                                  c_l_i___c_m_d_a5f39e41350d...
I've inserted a begin-math/end-math symbol since I think
you left one out. Proceed, with fingers crossed.

! Double subscript.
l.6 ...ast$ {\bfseries name}\hypertarget{struct_c_
                                                  l_i___c_m_d_a5f39e41350d81...
I treat `x_1_2' essentially like `x_1{}_2'.

! Double subscript.
l.6 ...t$ {\bfseries name}\hypertarget{struct_c_l_
                                                  i___c_m_d_a5f39e41350d81af...
I treat `x_1_2' essentially like `x_1{}_2'.

! Double subscript.
l.6 ... {\bfseries name}\hypertarget{struct_c_l_i_
                                                  __c_m_d_a5f39e41350d81af88...
I treat `x_1_2' essentially like `x_1{}_2'.

! Missing { inserted.
<to be read again> 
                   _
l.6 ...{\bfseries name}\hypertarget{struct_c_l_i__
                                                  _c_m_d_a5f39e41350d81af887...
A left brace was mandatory here, so I've put one in.
You might want to delete and/or insert some corrections
so that I will find a matching right brace soon.
(If you're confused by all this, try typing `I}' now.)

! Missing { inserted.
<to be read again> 
                   _
l.6 ...\bfseries name}\hypertarget{struct_c_l_i___
                                                  c_m_d_a5f39e41350d81af8874...
A left brace was mandatory here, so I've put one in.
You might want to delete and/or insert some corrections
so that I will find a matching right brace soon.
(If you're confused by all this, try typing `I}' now.)

! Double subscript.
l.6 ...fseries name}\hypertarget{struct_c_l_i___c_
                                                  m_d_a5f39e41350d81af8874be...
I treat `x_1_2' essentially like `x_1{}_2'.

! Double subscript.
l.6 ...eries name}\hypertarget{struct_c_l_i___c_m_
                                                  d_a5f39e41350d81af8874be20...
I treat `x_1_2' essentially like `x_1{}_2'.

! Double subscript.
l.6 ...ies name}\hypertarget{struct_c_l_i___c_m_d_
                                                  a5f39e41350d81af8874be20b3...
I treat `x_1_2' essentially like `x_1{}_2'.

! Missing $ inserted.
<inserted text> 
                $
l.7 
    
I've inserted a begin-math/end-math symbol since I think
you left one out. Proceed, with fingers crossed.

! Missing } inserted.
<inserted text> 
                }
l.7 
    
I've inserted something that you may have forgotten.
(See the <inserted text> above.)
With luck, this will get me unwedged. But if you
really didn't forget anything, try typing `2' now; then
my insertion and my current dilemma will both disappear.


Overfull \hbox (231.79623pt too wide) in paragraph at lines 1--7
[]$[][][][]$$\OMS/cmsy/m/n/10 $
 []


Overfull \hbox (166.91817pt too wide) in paragraph at lines 1--7
\OT1/cmr/bx/n/10 name$[][][][]$ 
 []


! LaTeX Error: Missing \begin{document}.

See the LaTeX manual or LaTeX Companion for explanation.
Type  H <return>  for immediate help.
 ...                                              
                                                  
l.9 c
     har $\ast$ {\bfseries description}\hypertarget{struct_c_l_i___c_m_d_a5f...

You're in trouble here.  Try typing  <return>  to proceed.
If that doesn't work, type  X <return>  to quit.


Overfull \hbox (20.0pt too wide) in paragraph at lines 9--9
[] 
 []


! LaTeX Error: Lonely \item--perhaps a missing list environment.

See the LaTeX manual or LaTeX Companion for explanation.
Type  H <return>  for immediate help.
 ...                                              
                                                  
l.9 c
     har $\ast$ {\bfseries description}\hypertarget{struct_c_l_i___c_m_d_a5f...

Try typing  <return>  to proceed.
If that doesn't work, type  X <return>  to quit.

Missing character: There is no c in font nullfont!
Missing character: There is no h in font nullfont!
Missing character: There is no a in font nullfont!
Missing character: There is no r in font nullfont!
! Undefined control sequence.
l.9 ... $\ast$ {\bfseries description}\hypertarget
                                                  {struct_c_l_i___c_m_d_a5f3...
The control sequence at the end of the top line
of your error message was never \def'ed. If you have
misspelled it (e.g., `\hobx'), type `I' and the correct
spelling (e.g., `I\hbox'). Otherwise just continue,
and I'll forget about whatever was undefined.

Missing character: There is no s in font nullfont!
Missing character: There is no t in font nullfont!
Missing character: There is no r in font nullfont!
Missing character: There is no u in font nullfont!
Missing character: There is no c in font nullfont!
Missing character: There is no t in font nullfont!
! Missing $ inserted.
<inserted text> 
                $
l.9 ...{\bfseries description}\hypertarget{struct_
                                                  c_l_i___c_m_d_a5f33c0328c4...
I've inserted a begin-math/end-math symbol since I think
you left one out. Proceed, with fingers crossed.

! Double subscript.
l.9 ...bfseries description}\hypertarget{struct_c_
                                                  l_i___c_m_d_a5f33c0328c48a...
I treat `x_1_2' essentially like `x_1{}_2'.

! Double subscript.
l.9 ...series description}\hypertarget{struct_c_l_
                                                  i___c_m_d_a5f33c0328c48a1b...
I treat `x_1_2' essentially like `x_1{}_2'.

! Double subscript.
l.9 ...ries description}\hypertarget{struct_c_l_i_
                                                  __c_m_d_a5f33c0328c48a1b16...
I treat `x_1_2' essentially like `x_1{}_2'.

! Missing { inserted.
<to be read again> 
                   _
l.9 ...ies description}\hypertarget{struct_c_l_i__
                                                  _c_m_d_a5f33c0328c48a1b161...
A left brace was mandatory here, so I've put one in.
You might want to delete and/or insert some corrections
so that I will find a matching right brace soon.
(If you're confused by all this, try typing `I}' now.)

! Missing { inserted.
<to be read again> 
                   _
l.9 ...es description}\hypertarget{struct_c_l_i___
                                                  c_m_d_a5f33c0328c48a1b161c...
A left brace was mandatory here, so I've put one in.
You might want to delete and/or insert some corrections
so that I will find a matching right brace soon.
(If you're confused by all this, try typing `I}' now.)

! Double subscript.
l.9 ... description}\hypertarget{struct_c_l_i___c_
                                                  m_d_a5f33c0328c48a1b161c3b...
I treat `x_1_2' essentially like `x_1{}_2'.

! Double subscript.
l.9 ...escription}\hypertarget{struct_c_l_i___c_m_
                                                  d_a5f33c0328c48a1b161c3b0c...
I treat `x_1_2' essentially like `x_1{}_2'.

! Double subscript.
l.9 ...cription}\hypertarget{struct_c_l_i___c_m_d_
                                                  a5f33c0328c48a1b161c3b0c98...
I treat `x_1_2' essentially like `x_1{}_2'.

! Missing $ inserted.
<inserted text> 
                $
l.10 
     
I've inserted a begin-math/end-math symbol since I think
you left one out. Proceed, with fingers crossed.

! Missing } inserted.
<inserted text> 
                }
l.10 
     
I've inserted something that you may have forgotten.
(See the <inserted text> above.)
With luck, this will get me unwedged. But if you
really didn't forget anything, try typing `2' now; then
my insertion and my current dilemma will both disappear.


Overfull \hbox (5.00002pt too wide) in paragraph at lines 9--10
\OMS/cmsy/m/n/10 $
 []


Overfull \hbox (194.24445pt too wide) in paragraph at lines 9--10
\OT1/cmr/bx/n/10 description$[][][][]$ 
 []


! LaTeX Error: Lonely \item--perhaps a missing list environment.

See the LaTeX manual or LaTeX Companion for explanation.
Type  H <return>  for immediate help.
 ...                                              
                                                  
l.12 v
      oid($\ast$ {\bfseries cli\+\_\+function} )(int argc, char $\ast$argv\m...

Try typing  <return>  to proceed.
If that doesn't work, type  X <return>  to quit.

Missing character: There is no v in font nullfont!
Missing character: There is no o in font nullfont!
Missing character: There is no i in font nullfont!
Missing character: There is no d in font nullfont!
Missing character: There is no ( in font nullfont!
! Undefined control sequence.
l.12 void($\ast$ {\bfseries cli\+
                                 \_\+function} )(int argc, char $\ast$argv\m...
The control sequence at the end of the top line
of your error message was never \def'ed. If you have
misspelled it (e.g., `\hobx'), type `I' and the correct
spelling (e.g., `I\hbox'). Otherwise just continue,
and I'll forget about whatever was undefined.

! Undefined control sequence.
l.12 void($\ast$ {\bfseries cli\+\_\+
                                     function} )(int argc, char $\ast$argv\m...
The control sequence at the end of the top line
of your error message was never \def'ed. If you have
misspelled it (e.g., `\hobx'), type `I' and the correct
spelling (e.g., `I\hbox'). Otherwise just continue,
and I'll forget about whatever was undefined.

Missing character: There is no ) in font nullfont!
Missing character: There is no ( in font nullfont!
Missing character: There is no i in font nullfont!
Missing character: There is no n in font nullfont!
Missing character: There is no t in font nullfont!
Missing character: There is no a in font nullfont!
Missing character: There is no r in font nullfont!
Missing character: There is no g in font nullfont!
Missing character: There is no c in font nullfont!
Missing character: There is no , in font nullfont!
Missing character: There is no c in font nullfont!
Missing character: There is no h in font nullfont!
Missing character: There is no a in font nullfont!
Missing character: There is no r in font nullfont!
Missing character: There is no a in font nullfont!
Missing character: There is no r in font nullfont!
Missing character: There is no g in font nullfont!
Missing character: There is no v in font nullfont!
Missing character: There is no [ in font nullfont!
Missing character: There is no ] in font nullfont!
Missing character: There is no ) in font nullfont!
! Undefined control sequence.
l.12 ...\ast$argv\mbox{[}$\,$\mbox{]})\hypertarget
                                                  {struct_c_l_i___c_m_d_acf3...
The control sequence at the end of the top line
of your error message was never \def'ed. If you have
misspelled it (e.g., `\hobx'), type `I' and the correct
spelling (e.g., `I\hbox'). Otherwise just continue,
and I'll forget about whatever was undefined.

Missing character: There is no s in font nullfont!
Missing character: There is no t in font nullfont!
Missing character: There is no r in font nullfont!
Missing character: There is no u in font nullfont!
Missing character: There is no c in font nullfont!
Missing character: There is no t in font nullfont!
! Missing $ inserted.
<inserted text> 
                $
l.12 ...v\mbox{[}$\,$\mbox{]})\hypertarget{struct_
                                                  c_l_i___c_m_d_acf3ac800d67...
I've inserted a begin-math/end-math symbol since I think
you left one out. Proceed, with fingers crossed.

! Double subscript.
l.12 ...mbox{[}$\,$\mbox{]})\hypertarget{struct_c_
                                                  l_i___c_m_d_acf3ac800d6772...
I treat `x_1_2' essentially like `x_1{}_2'.

! Double subscript.
l.12 ...ox{[}$\,$\mbox{]})\hypertarget{struct_c_l_
                                                  i___c_m_d_acf3ac800d6772d4...
I treat `x_1_2' essentially like `x_1{}_2'.

! Double subscript.
l.12 ...{[}$\,$\mbox{]})\hypertarget{struct_c_l_i_
                                                  __c_m_d_acf3ac800d6772d49b...
I treat `x_1_2' essentially like `x_1{}_2'.

! Missing { inserted.
<to be read again> 
                   _
l.12 ...[}$\,$\mbox{]})\hypertarget{struct_c_l_i__
                                                  _c_m_d_acf3ac800d6772d49ba...
A left brace was mandatory here, so I've put one in.
You might want to delete and/or insert some corrections
so that I will find a matching right brace soon.
(If you're confused by all this, try typing `I}' now.)

! Missing { inserted.
<to be read again> 
                   _
l.12 ...}$\,$\mbox{]})\hypertarget{struct_c_l_i___
                                                  c_m_d_acf3ac800d6772d49baa...
A left brace was mandatory here, so I've put one in.
You might want to delete and/or insert some corrections
so that I will find a matching right brace soon.
(If you're confused by all this, try typing `I}' now.)

! Double subscript.
l.12 ...\,$\mbox{]})\hypertarget{struct_c_l_i___c_
                                                  m_d_acf3ac800d6772d49baa49...
I treat `x_1_2' essentially like `x_1{}_2'.

! Double subscript.
l.12 ...$\mbox{]})\hypertarget{struct_c_l_i___c_m_
                                                  d_acf3ac800d6772d49baa49a0...
I treat `x_1_2' essentially like `x_1{}_2'.

! Double subscript.
l.12 ...mbox{]})\hypertarget{struct_c_l_i___c_m_d_
                                                  acf3ac800d6772d49baa49a0a9...
I treat `x_1_2' essentially like `x_1{}_2'.

! Missing $ inserted.
<inserted text> 
                $
l.13 
     
I've inserted a begin-math/end-math symbol since I think
you left one out. Proceed, with fingers crossed.

! Missing } inserted.
<inserted text> 
                }
l.13 
     
I've inserted something that you may have forgotten.
(See the <inserted text> above.)
With luck, this will get me unwedged. But if you
really didn't forget anything, try typing `2' now; then
my insertion and my current dilemma will both disappear.


Overfull \hbox (5.00002pt too wide) in paragraph at lines 12--13
\OMS/cmsy/m/n/10 $
 []


Overfull \hbox (56.84802pt too wide) in paragraph at lines 12--13
\OT1/cmr/bx/n/10 cli[]function
 []


Overfull \hbox (149.57556pt too wide) in paragraph at lines 12--13
\OMS/cmsy/m/n/10 $[]$ $[]$[][][][]$ 
 []


! LaTeX Error: \begin{document} ended by \end{DoxyCompactItemize}.

See the LaTeX manual or LaTeX Companion for explanation.
Type  H <return>  for immediate help.
 ...                                              
                                                  
l.14 \end{DoxyCompactItemize}
                             
Your command was ignored.
Type  I <command> <return>  to replace it with another command,
or  <return>  to continue without it.

! Missing } inserted.
<inserted text> 
                }
l.14 \end{DoxyCompactItemize}
                             
I've inserted something that you may have forgotten.
(See the <inserted text> above.)
With luck, this will get me unwedged. But if you
really didn't forget anything, try typing `2' now; then
my insertion and my current dilemma will both disappear.

! Missing } inserted.
<inserted text> 
                }
l.14 \end{DoxyCompactItemize}
                             
I've inserted something that you may have forgotten.
(See the <inserted text> above.)
With luck, this will get me unwedged. But if you
really didn't forget anything, try typing `2' now; then
my insertion and my current dilemma will both disappear.

! Missing } inserted.
<inserted text> 
                }
l.14 \end{DoxyCompactItemize}
                             
I've inserted something that you may have forgotten.
(See the <inserted text> above.)
With luck, this will get me unwedged. But if you
really didn't forget anything, try typing `2' now; then
my insertion and my current dilemma will both disappear.

! Missing } inserted.
<inserted text> 
                }
l.14 \end{DoxyCompactItemize}
                             
I've inserted something that you may have forgotten.
(See the <inserted text> above.)
With luck, this will get me unwedged. But if you
really didn't forget anything, try typing `2' now; then
my insertion and my current dilemma will both disappear.

! Extra \endgroup.
<recently read> \endgroup 
                          
l.14 \end{DoxyCompactItemize}
                             
Things are pretty mixed up, but I think the worst is over.


! LaTeX Error: Missing \begin{document}.

See the LaTeX manual or LaTeX Companion for explanation.
Type  H <return>  for immediate help.
 ...                                              
                                                  
l.17 T
      he documentation for this struct was generated from the following file...

You're in trouble here.  Try typing  <return>  to proceed.
If that doesn't work, type  X <return>  to quit.

Missing character: There is no T in font nullfont!
Missing character: There is no h in font nullfont!
Missing character: There is no e in font nullfont!
Missing character: There is no d in font nullfont!
Missing character: There is no o in font nullfont!
Missing character: There is no c in font nullfont!
Missing character: There is no u in font nullfont!
Missing character: There is no m in font nullfont!
Missing character: There is no e in font nullfont!
Missing character: There is no n in font nullfont!
Missing character: There is no t in font nullfont!
Missing character: There is no a in font nullfont!
Missing character: There is no t in font nullfont!
Missing character: There is no i in font nullfont!
Missing character: There is no o in font nullfont!
Missing character: There is no n in font nullfont!
Missing character: There is no f in font nullfont!
Missing character: There is no o in font nullfont!
Missing character: There is no r in font nullfont!
Missing character: There is no t in font nullfont!
Missing character: There is no h in font nullfont!
Missing character: There is no i in font nullfont!
Missing character: There is no s in font nullfont!
Missing character: There is no s in font nullfont!
Missing character: There is no t in font nullfont!
Missing character: There is no r in font nullfont!
Missing character: There is no u in font nullfont!
Missing character: There is no c in font nullfont!
Missing character: There is no t in font nullfont!
Missing character: There is no w in font nullfont!
Missing character: There is no a in font nullfont!
Missing character: There is no s in font nullfont!
Missing character: There is no g in font nullfont!
Missing character: There is no e in font nullfont!
Missing character: There is no n in font nullfont!
Missing character: There is no e in font nullfont!
Missing character: There is no r in font nullfont!
Missing character: There is no a in font nullfont!
Missing character: There is no t in font nullfont!
Missing character: There is no e in font nullfont!
Missing character: There is no d in font nullfont!
Missing character: There is no f in font nullfont!
Missing character: There is no r in font nullfont!
Missing character: There is no o in font nullfont!
Missing character: There is no m in font nullfont!
Missing character: There is no t in font nullfont!
Missing character: There is no h in font nullfont!
Missing character: There is no e in font nullfont!
Missing character: There is no f in font nullfont!
Missing character: There is no o in font nullfont!
Missing character: There is no l in font nullfont!
Missing character: There is no l in font nullfont!
Missing character: There is no o in font nullfont!
Missing character: There is no w in font nullfont!
Missing character: There is no i in font nullfont!
Missing character: There is no n in font nullfont!
Missing character: There is no g in font nullfont!
Missing character: There is no f in font nullfont!
Missing character: There is no i in font nullfont!
Missing character: There is no l in font nullfont!
Missing character: There is no e in font nullfont!
! Undefined control sequence.
l.17 ...ct was generated from the following file\+
                                                  :\begin{DoxyCompactItemize}
The control sequence at the end of the top line
of your error message was never \def'ed. If you have
misspelled it (e.g., `\hobx'), type `I' and the correct
spelling (e.g., `I\hbox'). Otherwise just continue,
and I'll forget about whatever was undefined.

Missing character: There is no : in font nullfont!

! LaTeX Error: Environment DoxyCompactItemize undefined.

See the LaTeX manual or LaTeX Companion for explanation.
Type  H <return>  for immediate help.
 ...                                              
                                                  
l.17 ...ollowing file\+:\begin{DoxyCompactItemize}
                                                  
Your command was ignored.
Type  I <command> <return>  to replace it with another command,
or  <return>  to continue without it.


Overfull \hbox (20.0pt too wide) in paragraph at lines 17--19
[]
 []


! LaTeX Error: Lonely \item--perhaps a missing list environment.

See the LaTeX manual or LaTeX Companion for explanation.
Type  H <return>  for immediate help.
 ...                                              
                                                  
l.19 C
      li.\+cpp\end{DoxyCompactItemize}
Try typing  <return>  to proceed.
If that doesn't work, type  X <return>  to quit.

Missing character: There is no C in font nullfont!
Missing character: There is no l in font nullfont!
Missing character: There is no i in font nullfont!
Missing character: There is no . in font nullfont!
! Undefined control sequence.
l.19 Cli.\+
           cpp\end{DoxyCompactItemize}
The control sequence at the end of the top line
of your error message was never \def'ed. If you have
misspelled it (e.g., `\hobx'), type `I' and the correct
spelling (e.g., `I\hbox'). Otherwise just continue,
and I'll forget about whatever was undefined.

Missing character: There is no c in font nullfont!
Missing character: There is no p in font nullfont!
Missing character: There is no p in font nullfont!

! LaTeX Error: \begin{document} ended by \end{DoxyCompactItemize}.

See the LaTeX manual or LaTeX Companion for explanation.
Type  H <return>  for immediate help.
 ...                                              
                                                  
l.19 Cli.\+cpp\end{DoxyCompactItemize}
                                      
Your command was ignored.
Type  I <command> <return>  to replace it with another command,
or  <return>  to continue without it.

)
! Emergency stop.
<*> ./struct_c_l_i___c_m_d.tex
                              
*** (job aborted, no legal \end found)

 
Here is how much of TeX's memory you used:
 15 strings out of 493635
 277 string characters out of 3134449
 53601 words of memory out of 3000000
 3499 multiletter control sequences out of 15000+200000
 3948 words of font info for 15 fonts, out of 3000000 for 9000
 1025 hyphenation exceptions out of 8191
 18i,6n,12p,270b,85s stack positions out of 5000i,500n,10000p,200000b,50000s
No pages of output.
